#
# There is insufficient memory for the Java Runtime Environment to continue.
# Native memory allocation (mmap) failed to map 132120576 bytes for G1 virtual space
# Possible reasons:
#   The system is out of physical RAM or swap space
#   The process is running with CompressedOops enabled, and the Java Heap may be blocking the growth of the native heap
# Possible solutions:
#   Reduce memory load on the system
#   Increase physical memory or swap space
#   Check if swap backing store is full
#   Decrease Java heap size (-Xmx/-Xms)
#   Decrease number of Java threads
#   Decrease Java thread stack sizes (-Xss)
#   Set larger code cache with -XX:ReservedCodeCacheSize=
#   JVM is running with Unscaled Compressed Oops mode in which the Java heap is
#     placed in the first 4GB address space. The Java Heap base address is the
#     maximum limit for the native heap growth. Please use -XX:HeapBaseMinAddress
#     to set the Java Heap base and to place the Java Heap above 4GB virtual address.
# This output file may be truncated or incomplete.
#
#  Out of Memory Error (os_windows.cpp:3600), pid=24592, tid=16540
#
# JRE version:  (21.0.1+12) (build )
# Java VM: Java HotSpot(TM) 64-Bit Server VM (21.0.1+12-LTS-29, mixed mode, sharing, tiered, compressed oops, compressed class ptrs, g1 gc, windows-amd64)
# No core dump will be written. Minidumps are not enabled by default on client versions of Windows
#

---------------  S U M M A R Y ------------

Command Line: -Dfile.encoding=UTF-8 --module-path=D:\coding part\Java programming\java2\Hotel Management System\build\classes hotel.management.system.Reception

Host: Intel(R) Core(TM) i5-10210U CPU @ 1.60GHz, 8 cores, 7G,  Windows 11 , 64 bit Build 22621 (10.0.22621.4391)
Time: Tue Nov 19 18:08:03 2024 India Standard Time elapsed time: 0.307624 seconds (0d 0h 0m 0s)

---------------  T H R E A D  ---------------

Current thread (0x000001854679dec0):  JavaThread "Unknown thread" [_thread_in_vm, id=16540, stack(0x00000004f1000000,0x00000004f1100000) (1024K)]

Stack: [0x00000004f1000000,0x00000004f1100000]
Native frames: (J=compiled Java code, j=interpreted, Vv=VM code, C=native code)
V  [jvm.dll+0x6c9029]
V  [jvm.dll+0x854b81]
V  [jvm.dll+0x856e5e]
V  [jvm.dll+0x857543]
V  [jvm.dll+0x280c06]
V  [jvm.dll+0x6c5715]
V  [jvm.dll+0x6ba10a]
V  [jvm.dll+0x3557ea]
V  [jvm.dll+0x35d436]
V  [jvm.dll+0x3ae1be]
V  [jvm.dll+0x3ae468]
V  [jvm.dll+0x3291fc]
V  [jvm.dll+0x329d8b]
V  [jvm.dll+0x81d179]
V  [jvm.dll+0x3bb4f1]
V  [jvm.dll+0x805ae8]
V  [jvm.dll+0x44effe]
V  [jvm.dll+0x450901]
C  [jli.dll+0x52a3]
C  [ucrtbase.dll+0x29333]
C  [KERNEL32.DLL+0x1259d]
C  [ntdll.dll+0x5af38]


---------------  P R O C E S S  ---------------

Threads class SMR info:
_java_thread_list=0x00007ff9b2c99b88, length=0, elements={
}

Java Threads: ( => current thread )
Total: 0

Other Threads:
  0x0000018546a3ede0 WorkerThread "GC Thread#0"                     [id=23560, stack(0x00000004f1100000,0x00000004f1200000) (1024K)]
  0x0000018546a4f7c0 ConcurrentGCThread "G1 Main Marker"            [id=31588, stack(0x00000004f1200000,0x00000004f1300000) (1024K)]
  0x0000018546a51080 WorkerThread "G1 Conc#0"                       [id=30100, stack(0x00000004f1300000,0x00000004f1400000) (1024K)]

[error occurred during error reporting (printing all threads), id 0xc0000005, EXCEPTION_ACCESS_VIOLATION (0xc0000005) at pc=0x00007ff9b240c2c7]
VM state: not at safepoint (not fully initialized)

VM Mutex/Monitor currently owned by a thread:  ([mutex/lock_event])
[0x00007ff9b2d0a6f8] Heap_lock - owner thread: 0x000001854679dec0

Heap address: 0x0000000083000000, size: 2000 MB, Compressed Oops mode: 32-bit

CDS archive(s) mapped at: [0x0000000000000000-0x0000000000000000-0x0000000000000000), size 0, SharedBaseAddress: 0x0000000800000000, ArchiveRelocationMode: 1.
Narrow klass base: 0x0000000000000000, Narrow klass shift: 0, Narrow klass range: 0x0

GC Precious Log:
 CardTable entry size: 512
 Card Set container configuration: InlinePtr #cards 5 size 8 Array Of Cards #cards 12 size 40 Howl #buckets 4 coarsen threshold 1843 Howl Bitmap #cards 512 size 80 coarsen threshold 460 Card regions per heap region 1 cards per card region 2048

Heap:
 garbage-first heap   total 0K, used 0K [0x0000000083000000, 0x0000000100000000)
  region size 1024K, 0 young (0K), 0 survivors (0K)

[error occurred during error reporting (printing heap information), id 0xc0000005, EXCEPTION_ACCESS_VIOLATION (0xc0000005) at pc=0x00007ff9b27f1be9]
GC Heap History (0 events):
No events

Dll operation events (1 events):
Event: 0.007 Loaded shared library C:\Program Files\Java\jdk-21\bin\java.dll

Deoptimization events (0 events):
No events

Classes loaded (0 events):
No events

Classes unloaded (0 events):
No events

Classes redefined (0 events):
No events

Internal exceptions (0 events):
No events

ZGC Phase Switch (0 events):
No events

VM Operations (0 events):
No events

Events (0 events):
No events


Dynamic libraries:
0x00007ff7f4750000 - 0x00007ff7f4760000 	C:\Program Files\Java\jdk-21\bin\java.exe
0x00007ffa51db0000 - 0x00007ffa51fc7000 	C:\WINDOWS\SYSTEM32\ntdll.dll
0x00007ffa50030000 - 0x00007ffa500f4000 	C:\WINDOWS\System32\KERNEL32.DLL
0x00007ffa4f2d0000 - 0x00007ffa4f689000 	C:\WINDOWS\System32\KERNELBASE.dll
0x00007ffa4f980000 - 0x00007ffa4fa91000 	C:\WINDOWS\System32\ucrtbase.dll
0x00007ffa2c8a0000 - 0x00007ffa2c8bb000 	C:\Program Files\Java\jdk-21\bin\VCRUNTIME140.dll
0x00007ffa16db0000 - 0x00007ffa16dc9000 	C:\Program Files\Java\jdk-21\bin\jli.dll
0x00007ffa502e0000 - 0x00007ffa50392000 	C:\WINDOWS\System32\ADVAPI32.dll
0x00007ffa510f0000 - 0x00007ffa51197000 	C:\WINDOWS\System32\msvcrt.dll
0x00007ffa51ab0000 - 0x00007ffa51b57000 	C:\WINDOWS\System32\sechost.dll
0x00007ffa4f690000 - 0x00007ffa4f6b8000 	C:\WINDOWS\System32\bcrypt.dll
0x00007ffa505e0000 - 0x00007ffa506f4000 	C:\WINDOWS\System32\RPCRT4.dll
0x00007ffa51b90000 - 0x00007ffa51d3e000 	C:\WINDOWS\System32\USER32.dll
0x00007ffa4f950000 - 0x00007ffa4f976000 	C:\WINDOWS\System32\win32u.dll
0x00007ffa2d6c0000 - 0x00007ffa2d952000 	C:\WINDOWS\WinSxS\amd64_microsoft.windows.common-controls_6595b64144ccf1df_6.0.22621.4391_none_2715d37f73803e96\COMCTL32.dll
0x00007ffa51b60000 - 0x00007ffa51b89000 	C:\WINDOWS\System32\GDI32.dll
0x00007ffa4f830000 - 0x00007ffa4f94b000 	C:\WINDOWS\System32\gdi32full.dll
0x00007ffa4f230000 - 0x00007ffa4f2ca000 	C:\WINDOWS\System32\msvcp_win.dll
0x00007ffa49e00000 - 0x00007ffa49e0a000 	C:\WINDOWS\SYSTEM32\VERSION.dll
0x00007ffa503a0000 - 0x00007ffa503d1000 	C:\WINDOWS\System32\IMM32.DLL
0x00007ffa4a800000 - 0x00007ffa4a80c000 	C:\Program Files\Java\jdk-21\bin\vcruntime140_1.dll
0x00007ff9c6eb0000 - 0x00007ff9c6f3e000 	C:\Program Files\Java\jdk-21\bin\msvcp140.dll
0x00007ff9b20d0000 - 0x00007ff9b2de5000 	C:\Program Files\Java\jdk-21\bin\server\jvm.dll
0x00007ffa4fd90000 - 0x00007ffa4fe01000 	C:\WINDOWS\System32\WS2_32.dll
0x00007ffa4df10000 - 0x00007ffa4df5d000 	C:\WINDOWS\SYSTEM32\POWRPROF.dll
0x00007ffa49670000 - 0x00007ffa496a4000 	C:\WINDOWS\SYSTEM32\WINMM.dll
0x00007ffa4def0000 - 0x00007ffa4df03000 	C:\WINDOWS\SYSTEM32\UMPDC.dll
0x00007ffa4e1b0000 - 0x00007ffa4e1c8000 	C:\WINDOWS\SYSTEM32\kernel.appcore.dll
0x00007ffa4a780000 - 0x00007ffa4a78a000 	C:\Program Files\Java\jdk-21\bin\jimage.dll
0x00007ffa4c9f0000 - 0x00007ffa4cc22000 	C:\WINDOWS\SYSTEM32\DBGHELP.DLL
0x00007ffa50bb0000 - 0x00007ffa50f3f000 	C:\WINDOWS\System32\combase.dll
0x00007ffa50100000 - 0x00007ffa501d7000 	C:\WINDOWS\System32\OLEAUT32.dll
0x00007ffa25de0000 - 0x00007ffa25e12000 	C:\WINDOWS\SYSTEM32\dbgcore.DLL
0x00007ffa4f140000 - 0x00007ffa4f1bb000 	C:\WINDOWS\System32\bcryptPrimitives.dll
0x00007ffa28fd0000 - 0x00007ffa28fef000 	C:\Program Files\Java\jdk-21\bin\java.dll

dbghelp: loaded successfully - version: 4.0.5 - missing functions: none
symbol engine: initialized successfully - sym options: 0x614 - pdb path: .;C:\Program Files\Java\jdk-21\bin;C:\WINDOWS\SYSTEM32;C:\WINDOWS\WinSxS\amd64_microsoft.windows.common-controls_6595b64144ccf1df_6.0.22621.4391_none_2715d37f73803e96;C:\Program Files\Java\jdk-21\bin\server

VM Arguments:
jvm_args: -Dfile.encoding=UTF-8 --module-path=D:\coding part\Java programming\java2\Hotel Management System\build\classes 
java_command: hotel.management.system.Reception
java_class_path (initial): C:\Users\Honey\Documents\mysql-connector-java-8.0.28.jar;D:\coding part\Java programming\java2\Hotel Management System\rs2xml.jar;D:\coding part\Java programming\java2\Hotel Management System\build\classes
Launcher Type: SUN_STANDARD

[Global flags]
     intx CICompilerCount                          = 4                                         {product} {ergonomic}
     uint ConcGCThreads                            = 2                                         {product} {ergonomic}
     uint G1ConcRefinementThreads                  = 8                                         {product} {ergonomic}
   size_t G1HeapRegionSize                         = 1048576                                   {product} {ergonomic}
    uintx GCDrainStackTargetSize                   = 64                                        {product} {ergonomic}
   size_t InitialHeapSize                          = 132120576                                 {product} {ergonomic}
   size_t MarkStackSize                            = 4194304                                   {product} {ergonomic}
   size_t MaxHeapSize                              = 2097152000                                {product} {ergonomic}
   size_t MinHeapDeltaBytes                        = 1048576                                   {product} {ergonomic}
   size_t MinHeapSize                              = 8388608                                   {product} {ergonomic}
    uintx NonNMethodCodeHeapSize                   = 5839372                                {pd product} {ergonomic}
    uintx NonProfiledCodeHeapSize                  = 122909434                              {pd product} {ergonomic}
    uintx ProfiledCodeHeapSize                     = 122909434                              {pd product} {ergonomic}
    uintx ReservedCodeCacheSize                    = 251658240                              {pd product} {ergonomic}
     bool SegmentedCodeCache                       = true                                      {product} {ergonomic}
   size_t SoftMaxHeapSize                          = 2097152000                             {manageable} {ergonomic}
     bool UseCompressedOops                        = true                           {product lp64_product} {ergonomic}
     bool UseG1GC                                  = true                                      {product} {ergonomic}
     bool UseLargePagesIndividualAllocation        = false                                  {pd product} {ergonomic}

Logging:
Log output configuration:
 #0: stdout all=warning uptime,level,tags foldmultilines=false
 #1: stderr all=off uptime,level,tags foldmultilines=false

Environment Variables:
PATH=C:\Program Files\Common Files\Oracle\Java\javapath;C:\Program Files (x86)\Common Files\Intel\Shared Libraries\redist\intel64\compiler;C:\windows\system32;C:\windows;C:\windows\System32\Wbem;C:\windows\System32\WindowsPowerShell\v1.0\;C:\windows\System32\OpenSSH\;C:\Program Files (x86)\NVIDIA Corporation\PhysX\Common;C:\Program Files\NVIDIA Corporation\NVIDIA NvDLISR;C:\Users\Honey\AppData\Local\Programs\Python\Python39;C:\Users\Honey\AppData\Local\Programs\Python\Python37-32;C:\Program Files (x86)\dotnet\;;C:\WINDOWS\system32;C:\WINDOWS;C:\WINDOWS\System32\Wbem;C:\WINDOWS\System32\WindowsPowerShell\v1.0\;C:\WINDOWS\System32\OpenSSH\;C:\Program Files\MySQL\MySQL Shell 8.0\bin\;C:\Users\Honey\AppData\Local\Programs\Python\Python311\Scripts\;C:\Users\Honey\AppData\Local\Programs\Python\Python311\;C:\Users\Honey\AppData\Local\Programs\Python\Python37-32\Scripts\;C:\Users\Honey\AppData\Local\Programs\Python\Python37-32\;C:\Users\Honey\AppData\Local\Microsoft\WindowsApps;;C:\Users\Honey\AppData\Local\Programs\Microsoft VS Code\bin
USERNAME=Honey
OS=Windows_NT
PROCESSOR_IDENTIFIER=Intel64 Family 6 Model 142 Stepping 12, GenuineIntel
TMP=C:\Users\Honey\AppData\Local\Temp
TEMP=C:\Users\Honey\AppData\Local\Temp




Periodic native trim disabled

---------------  S Y S T E M  ---------------

OS:
 Windows 11 , 64 bit Build 22621 (10.0.22621.4391)
OS uptime: 4 days 1:24 hours

CPU: total 8 (initial active 8) (4 cores per cpu, 2 threads per core) family 6 model 142 stepping 12 microcode 0xea, cx8, cmov, fxsr, ht, mmx, 3dnowpref, sse, sse2, sse3, ssse3, sse4.1, sse4.2, popcnt, lzcnt, tsc, tscinvbit, avx, avx2, aes, erms, clmul, bmi1, bmi2, adx, fma, vzeroupper, clflush, clflushopt, rdtscp, f16c
Processor Information for all 8 processors :
  Max Mhz: 2112, Current Mhz: 1609, Mhz Limit: 1605

Memory: 4k page, system-wide physical 7995M (490M free)
TotalPageFile size 32571M (AvailPageFile size 68M)
current process WorkingSet (physical memory assigned to process): 11M, peak: 11M
current process commit charge ("private bytes"): 60M, peak: 186M

vm_info: Java HotSpot(TM) 64-Bit Server VM (21.0.1+12-LTS-29) for windows-amd64 JRE (21.0.1+12-LTS-29), built on 2023-10-05T13:27:09Z by "mach5one" with MS VC++ 17.1 (VS2022)

END.
